Log file open, 01/08/17 15:14:10
LogInit:Display: Running engine for game: BuildingEscape
LogPlatformFile: Not using cached read wrapper
LogInit:Display: RandInit(1508383519) SRandInit(1508383519).
LogTaskGraph: Started task graph with 5 named threads and 8 total threads with 1 sets of task threads.
LogStats: Stats thread started at 0.081990
LogPluginManager: Loaded Plugin Paper2D, From C:/Program Files (x86)/Epic Games/4.14/Engine/Plugins/2D/Paper2D/Paper2D.uplugin
LogPluginManager: Loaded Plugin LightPropagationVolume, From C:/Program Files (x86)/Epic Games/4.14/Engine/Plugins/Blendables/LightPropagationVolume/LightPropagationVolume.uplugin
LogPluginManager: Loaded Plugin BlankPlugin, From C:/Program Files (x86)/Epic Games/4.14/Engine/Plugins/Developer/BlankPlugin/BlankPlugin.uplugin
LogPluginManager: Loaded Plugin CodeLiteSourceCodeAccess, From C:/Program Files (x86)/Epic Games/4.14/Engine/Plugins/Developer/CodeLiteSourceCodeAccess/CodeLiteSourceCodeAccess.uplugin
LogPluginManager: Loaded Plugin GitSourceControl, From C:/Program Files (x86)/Epic Games/4.14/Engine/Plugins/Developer/GitSourceControl/GitSourceControl.uplugin
LogPluginManager: Loaded Plugin KDevelopSourceCodeAccess, From C:/Program Files (x86)/Epic Games/4.14/Engine/Plugins/Developer/KDevelopSourceCodeAccess/KDevelopSourceCodeAccess.uplugin
LogPluginManager: Loaded Plugin NullSourceCodeAccess, From C:/Program Files (x86)/Epic Games/4.14/Engine/Plugins/Developer/NullSourceCodeAccess/NullSourceCodeAccess.uplugin
LogPluginManager: Loaded Plugin OneSkyLocalizationService, From C:/Program Files (x86)/Epic Games/4.14/Engine/Plugins/Developer/OneSkyLocalizationService/OneSkyLocalizationService.uplugin
LogPluginManager: Loaded Plugin PerforceSourceControl, From C:/Program Files (x86)/Epic Games/4.14/Engine/Plugins/Developer/PerforceSourceControl/PerforceSourceControl.uplugin
LogPluginManager: Loaded Plugin SubversionSourceControl, From C:/Program Files (x86)/Epic Games/4.14/Engine/Plugins/Developer/SubversionSourceControl/SubversionSourceControl.uplugin
LogPluginManager: Loaded Plugin UObjectPlugin, From C:/Program Files (x86)/Epic Games/4.14/Engine/Plugins/Developer/UObjectPlugin/UObjectPlugin.uplugin
LogPluginManager: Loaded Plugin VisualStudioSourceCodeAccess, From C:/Program Files (x86)/Epic Games/4.14/Engine/Plugins/Developer/VisualStudioSourceCodeAccess/VisualStudioSourceCodeAccess.uplugin
LogPluginManager: Loaded Plugin XCodeSourceCodeAccess, From C:/Program Files (x86)/Epic Games/4.14/Engine/Plugins/Developer/XCodeSourceCodeAccess/XCodeSourceCodeAccess.uplugin
LogPluginManager: Loaded Plugin AudioCapture, From C:/Program Files (x86)/Epic Games/4.14/Engine/Plugins/Editor/AudioCapture/AudioCapture.uplugin
LogPluginManager: Loaded Plugin EpicSurvey, From C:/Program Files (x86)/Epic Games/4.14/Engine/Plugins/Editor/EpicSurvey/EpicSurvey.uplugin
LogPluginManager: Loaded Plugin MacGraphicsSwitching, From C:/Program Files (x86)/Epic Games/4.14/Engine/Plugins/Editor/MacGraphicsSwitching/MacGraphicsSwitching.uplugin
LogPluginManager: Loaded Plugin MobileLauncherProfileWizard, From C:/Program Files (x86)/Epic Games/4.14/Engine/Plugins/Editor/MobileLauncherProfileWizard/MobileLauncherProfileWizard.uplugin
LogPluginManager: Loaded Plugin PluginBrowser, From C:/Program Files (x86)/Epic Games/4.14/Engine/Plugins/Editor/PluginBrowser/PluginBrowser.uplugin
LogPluginManager: Loaded Plugin SpeedTreeImporter, From C:/Program Files (x86)/Epic Games/4.14/Engine/Plugins/Editor/SpeedTreeImporter/SpeedTreeImporter.uplugin
LogPluginManager: Loaded Plugin SuperSearchEditor, From C:/Program Files (x86)/Epic Games/4.14/Engine/Plugins/Editor/SuperSearchEditor/SuperSearchEditor.uplugin
LogPluginManager: Loaded Plugin AlembicImporter, From C:/Program Files (x86)/Epic Games/4.14/Engine/Plugins/Experimental/AlembicImporter/AlembicImporter.uplugin
LogPluginManager: Loaded Plugin BlueprintStats, From C:/Program Files (x86)/Epic Games/4.14/Engine/Plugins/Experimental/BlueprintStats/BlueprintStats.uplugin
LogPluginManager: Loaded Plugin CharacterAI, From C:/Program Files (x86)/Epic Games/4.14/Engine/Plugins/Experimental/CharacterAI/CharacterAI.uplugin
LogPluginManager: Loaded Plugin CodeEditor, From C:/Program Files (x86)/Epic Games/4.14/Engine/Plugins/Experimental/CodeEditor/CodeEditor.uplugin
LogPluginManager: Loaded Plugin CodeView, From C:/Program Files (x86)/Epic Games/4.14/Engine/Plugins/Experimental/CodeView/CodeView.uplugin
LogPluginManager: Loaded Plugin HTML5Networking, From C:/Program Files (x86)/Epic Games/4.14/Engine/Plugins/Experimental/HTML5Networking/HTML5Networking.uplugin
LogPluginManager: Loaded Plugin OSVR, From C:/Program Files (x86)/Epic Games/4.14/Engine/Plugins/Experimental/OSVR/OSVR.uplugin
LogPluginManager: Loaded Plugin Phya, From C:/Program Files (x86)/Epic Games/4.14/Engine/Plugins/Experimental/Phya/Phya.uplugin
LogPluginManager: Loaded Plugin SignificanceManager, From C:/Program Files (x86)/Epic Games/4.14/Engine/Plugins/Experimental/SignificanceManager/SignificanceManager.uplugin
LogPluginManager: Loaded Plugin SimpleHMD, From C:/Program Files (x86)/Epic Games/4.14/Engine/Plugins/Experimental/SimpleHMD/SimpleHMD.uplugin
LogPluginManager: Loaded Plugin StereoPanorama, From C:/Program Files (x86)/Epic Games/4.14/Engine/Plugins/Experimental/StereoPanorama/StereoPanorama.uplugin
LogPluginManager: Loaded Plugin StructBox, From C:/Program Files (x86)/Epic Games/4.14/Engine/Plugins/Experimental/StructBox/StructBox.uplugin
LogPluginManager: Loaded Plugin AndroidMedia, From C:/Program Files (x86)/Epic Games/4.14/Engine/Plugins/Media/AndroidMedia/AndroidMedia.uplugin
LogPluginManager: Loaded Plugin AvfMedia, From C:/Program Files (x86)/Epic Games/4.14/Engine/Plugins/Media/AvfMedia/AvfMedia.uplugin
LogPluginManager: Loaded Plugin MediaPlayerEditor, From C:/Program Files (x86)/Epic Games/4.14/Engine/Plugins/Media/MediaPlayerEditor/MediaPlayerEditor.uplugin
LogPluginManager: Loaded Plugin WmfMedia, From C:/Program Files (x86)/Epic Games/4.14/Engine/Plugins/Media/WmfMedia/WmfMedia.uplugin
LogPluginManager: Loaded Plugin MessagingDebugger, From C:/Program Files (x86)/Epic Games/4.14/Engine/Plugins/Messaging/MessagingDebugger/MessagingDebugger.uplugin
LogPluginManager: Loaded Plugin TcpMessaging, From C:/Program Files (x86)/Epic Games/4.14/Engine/Plugins/Messaging/TcpMessaging/TcpMessaging.uplugin
LogPluginManager: Loaded Plugin UdpMessaging, From C:/Program Files (x86)/Epic Games/4.14/Engine/Plugins/Messaging/UdpMessaging/UdpMessaging.uplugin
LogPluginManager: Loaded Plugin LevelSequenceEditor, From C:/Program Files (x86)/Epic Games/4.14/Engine/Plugins/MovieScene/LevelSequenceEditor/LevelSequenceEditor.uplugin
LogPluginManager: Loaded Plugin MatineeToLevelSequence, From C:/Program Files (x86)/Epic Games/4.14/Engine/Plugins/MovieScene/MatineeToLevelSequence/MatineeToLevelSequence.uplugin
LogPluginManager: Loaded Plugin NetcodeUnitTest, From C:/Program Files (x86)/Epic Games/4.14/Engine/Plugins/NetcodeUnitTest/NetcodeUnitTest/NetcodeUnitTest.uplugin
LogPluginManager: Loaded Plugin NUTUnrealEngine4, From C:/Program Files (x86)/Epic Games/4.14/Engine/Plugins/NetcodeUnitTest/NUTUnrealEngine4/NUTUnrealEngine4.uplugin
LogPluginManager: Loaded Plugin OnlineSubsystemGameCircle, From C:/Program Files (x86)/Epic Games/4.14/Engine/Plugins/Online/Android/OnlineSubsystemGameCircle/OnlineSubsystemGameCircle.uplugin
LogPluginManager: Loaded Plugin OnlineSubsystemGooglePlay, From C:/Program Files (x86)/Epic Games/4.14/Engine/Plugins/Online/Android/OnlineSubsystemGooglePlay/OnlineSubsystemGooglePlay.uplugin
LogPluginManager: Loaded Plugin OnlineSubsystemIOS, From C:/Program Files (x86)/Epic Games/4.14/Engine/Plugins/Online/IOS/OnlineSubsystemIOS/OnlineSubsystemIOS.uplugin
LogPluginManager: Loaded Plugin OnlineFramework, From C:/Program Files (x86)/Epic Games/4.14/Engine/Plugins/Online/OnlineFramework/OnlineFramework.uplugin
LogPluginManager: Loaded Plugin OnlineSubsystem, From C:/Program Files (x86)/Epic Games/4.14/Engine/Plugins/Online/OnlineSubsystem/OnlineSubsystem.uplugin
LogPluginManager: Loaded Plugin OnlineSubsystemAmazon, From C:/Program Files (x86)/Epic Games/4.14/Engine/Plugins/Online/OnlineSubsystemAmazon/OnlineSubsystemAmazon.uplugin
LogPluginManager: Loaded Plugin OnlineSubsystemFacebook, From C:/Program Files (x86)/Epic Games/4.14/Engine/Plugins/Online/OnlineSubsystemFacebook/OnlineSubsystemFacebook.uplugin
LogPluginManager: Loaded Plugin OnlineSubsystemNull, From C:/Program Files (x86)/Epic Games/4.14/Engine/Plugins/Online/OnlineSubsystemNull/OnlineSubsystemNull.uplugin
LogPluginManager: Loaded Plugin OnlineSubsystemOculus, From C:/Program Files (x86)/Epic Games/4.14/Engine/Plugins/Online/OnlineSubsystemOculus/OnlineSubsystemOculus.uplugin
LogPluginManager: Loaded Plugin OnlineSubsystemSteam, From C:/Program Files (x86)/Epic Games/4.14/Engine/Plugins/Online/OnlineSubsystemSteam/OnlineSubsystemSteam.uplugin
LogPluginManager: Loaded Plugin OnlineSubsystemUtils, From C:/Program Files (x86)/Epic Games/4.14/Engine/Plugins/Online/OnlineSubsystemUtils/OnlineSubsystemUtils.uplugin
LogPluginManager: Loaded Plugin IOSTapJoy, From C:/Program Files (x86)/Epic Games/4.14/Engine/Plugins/Runtime/Advertising/IOSTapJoy/IOSTapJoy.uplugin
LogPluginManager: Loaded Plugin AnalyticsBlueprintLibrary, From C:/Program Files (x86)/Epic Games/4.14/Engine/Plugins/Runtime/Analytics/AnalyticsBlueprintLibrary/AnalyticsBlueprintLibrary.uplugin
LogPluginManager: Loaded Plugin AnalyticsMulticast, From C:/Program Files (x86)/Epic Games/4.14/Engine/Plugins/Runtime/Analytics/AnalyticsMulticast/AnalyticsMulticast.uplugin
LogPluginManager: Loaded Plugin Apsalar, From C:/Program Files (x86)/Epic Games/4.14/Engine/Plugins/Runtime/Analytics/Apsalar/Apsalar.uplugin
LogPluginManager: Loaded Plugin FileLogging, From C:/Program Files (x86)/Epic Games/4.14/Engine/Plugins/Runtime/Analytics/FileLogging/FileLogging.uplugin
LogPluginManager: Loaded Plugin Flurry, From C:/Program Files (x86)/Epic Games/4.14/Engine/Plugins/Runtime/Analytics/Flurry/Flurry.uplugin
LogPluginManager: Loaded Plugin AndroidDeviceProfileSelector, From C:/Program Files (x86)/Epic Games/4.14/Engine/Plugins/Runtime/AndroidDeviceProfileSelector/AndroidDeviceProfileSelector.uplugin
LogPluginManager: Loaded Plugin AndroidMoviePlayer, From C:/Program Files (x86)/Epic Games/4.14/Engine/Plugins/Runtime/AndroidMoviePlayer/AndroidMoviePlayer.uplugin
LogPluginManager: Loaded Plugin AppleMoviePlayer, From C:/Program Files (x86)/Epic Games/4.14/Engine/Plugins/Runtime/AppleMoviePlayer/AppleMoviePlayer.uplugin
LogPluginManager: Loaded Plugin ArchVisCharacter, From C:/Program Files (x86)/Epic Games/4.14/Engine/Plugins/Runtime/ArchVisCharacter/ArchVisCharacter.uplugin
LogPluginManager: Loaded Plugin CableComponent, From C:/Program Files (x86)/Epic Games/4.14/Engine/Plugins/Runtime/CableComponent/CableComponent.uplugin
LogPluginManager: Loaded Plugin CustomMeshComponent, From C:/Program Files (x86)/Epic Games/4.14/Engine/Plugins/Runtime/CustomMeshComponent/CustomMeshComponent.uplugin
LogPluginManager: Loaded Plugin ExampleDeviceProfileSelector, From C:/Program Files (x86)/Epic Games/4.14/Engine/Plugins/Runtime/ExampleDeviceProfileSelector/ExampleDeviceProfileSelector.uplugin
LogPluginManager: Loaded Plugin GearVR, From C:/Program Files (x86)/Epic Games/4.14/Engine/Plugins/Runtime/GearVR/GearVR.uplugin
LogPluginManager: Loaded Plugin GoogleVRController, From C:/Program Files (x86)/Epic Games/4.14/Engine/Plugins/Runtime/GoogleVR/GoogleVRController/GoogleVRController.uplugin
LogPluginManager: Loaded Plugin GoogleVRHMD, From C:/Program Files (x86)/Epic Games/4.14/Engine/Plugins/Runtime/GoogleVR/GoogleVRHMD/GoogleVRHMD.uplugin
LogPluginManager: Loaded Plugin IOSDeviceProfileSelector, From C:/Program Files (x86)/Epic Games/4.14/Engine/Plugins/Runtime/IOSDeviceProfileSelector/IOSDeviceProfileSelector.uplugin
LogPluginManager: Loaded Plugin LeapMotion, From C:/Program Files (x86)/Epic Games/4.14/Engine/Plugins/Runtime/LeapMotion/LeapMotion.uplugin
LogPluginManager: Loaded Plugin LinuxDeviceProfileSelector, From C:/Program Files (x86)/Epic Games/4.14/Engine/Plugins/Runtime/LinuxDeviceProfileSelector/LinuxDeviceProfileSelector.uplugin
LogPluginManager: Loaded Plugin MIDIDevice, From C:/Program Files (x86)/Epic Games/4.14/Engine/Plugins/Runtime/MIDIDevice/MIDIDevice.uplugin
LogPluginManager: Loaded Plugin MobilePatchingUtils, From C:/Program Files (x86)/Epic Games/4.14/Engine/Plugins/Runtime/MobilePatchingUtils/MobilePatchingUtils.uplugin
LogPluginManager: Loaded Plugin Ansel, From C:/Program Files (x86)/Epic Games/4.14/Engine/Plugins/Runtime/Nvidia/Ansel/Ansel.uplugin
LogPluginManager: Loaded Plugin OculusAudio, From C:/Program Files (x86)/Epic Games/4.14/Engine/Plugins/Runtime/OculusAudio/OculusAudio.uplugin
LogPluginManager: Loaded Plugin OculusInput, From C:/Program Files (x86)/Epic Games/4.14/Engine/Plugins/Runtime/OculusInput/OculusInput.uplugin
LogPluginManager: Loaded Plugin OculusLibrary, From C:/Program Files (x86)/Epic Games/4.14/Engine/Plugins/Runtime/OculusLibrary/OculusLibrary.uplugin
LogPluginManager: Loaded Plugin OculusRift, From C:/Program Files (x86)/Epic Games/4.14/Engine/Plugins/Runtime/OculusRift/OculusRift.uplugin
LogPluginManager: Loaded Plugin Oodle, From C:/Program Files (x86)/Epic Games/4.14/Engine/Plugins/Runtime/PacketHandlers/CompressionComponents/Oodle/Oodle.uplugin
LogPluginManager: Loaded Plugin ProceduralMeshComponent, From C:/Program Files (x86)/Epic Games/4.14/Engine/Plugins/Runtime/ProceduralMeshComponent/ProceduralMeshComponent.uplugin
LogPluginManager: Loaded Plugin SoundMod, From C:/Program Files (x86)/Epic Games/4.14/Engine/Plugins/Runtime/SoundMod/SoundMod.uplugin
LogPluginManager: Loaded Plugin SoundVisualizations, From C:/Program Files (x86)/Epic Games/4.14/Engine/Plugins/Runtime/SoundVisualizations/SoundVisualizations.uplugin
LogPluginManager: Loaded Plugin SteamController, From C:/Program Files (x86)/Epic Games/4.14/Engine/Plugins/Runtime/Steam/SteamController/SteamController.uplugin
LogPluginManager: Loaded Plugin SteamVR, From C:/Program Files (x86)/Epic Games/4.14/Engine/Plugins/Runtime/Steam/SteamVR/SteamVR.uplugin
LogPluginManager: Loaded Plugin WebBrowserWidget, From C:/Program Files (x86)/Epic Games/4.14/Engine/Plugins/Runtime/WebBrowserWidget/WebBrowserWidget.uplugin
LogPluginManager: Loaded Plugin WindowsDeviceProfileSelector, From C:/Program Files (x86)/Epic Games/4.14/Engine/Plugins/Runtime/WindowsDeviceProfileSelector/WindowsDeviceProfileSelector.uplugin
LogPluginManager: Loaded Plugin WindowsMoviePlayer, From C:/Program Files (x86)/Epic Games/4.14/Engine/Plugins/Runtime/WindowsMoviePlayer/WindowsMoviePlayer.uplugin
LogPluginManager: Loaded Plugin ScriptPlugin, From C:/Program Files (x86)/Epic Games/4.14/Engine/Plugins/ScriptPlugin/ScriptPlugin.uplugin
LogPluginManager: Loaded Plugin SlateRemote, From C:/Program Files (x86)/Epic Games/4.14/Engine/Plugins/Slate/SlateRemote/SlateRemote.uplugin
LogPluginManager: Loaded Plugin EditorTests, From C:/Program Files (x86)/Epic Games/4.14/Engine/Plugins/Tests/EditorTests/EditorTests.uplugin
LogPluginManager: Loaded Plugin FbxAutomationTestBuilder, From C:/Program Files (x86)/Epic Games/4.14/Engine/Plugins/Tests/FbxAutomationTestBuilder/FbxAutomationTestBuilder.uplugin
LogPluginManager: Loaded Plugin FunctionalTestingEditor, From C:/Program Files (x86)/Epic Games/4.14/Engine/Plugins/Tests/FunctionalTestingEditor/FunctionalTestingEditor.uplugin
LogPluginManager: Loaded Plugin RuntimeTests, From C:/Program Files (x86)/Epic Games/4.14/Engine/Plugins/Tests/RuntimeTests/RuntimeTests.uplugin
LogPluginManager: Loaded Plugin ScreenshotTools, From C:/Program Files (x86)/Epic Games/4.14/Engine/Plugins/Tests/ScreenshotTools/ScreenshotTools.uplugin
LogInit: Using libcurl 7.47.1
LogInit:  - built for x86_64-pc-win32
LogInit:  - supports SSL with OpenSSL/1.0.2g
LogInit:  - supports HTTP deflate (compression) using libz 1.2.8
LogInit:  - other features:
LogInit:      CURL_VERSION_SSL
LogInit:      CURL_VERSION_LIBZ
LogInit:      CURL_VERSION_IPV6
LogInit:      CURL_VERSION_ASYNCHDNS
LogInit:      CURL_VERSION_LARGEFILE
LogInit:      CURL_VERSION_IDN
LogInit:  CurlRequestOptions (configurable via config and command line):
LogInit:  - bVerifyPeer = false  - Libcurl will NOT verify peer certificate
LogInit:  - bUseHttpProxy = false  - Libcurl will NOT use HTTP proxy
LogInit:  - bDontReuseConnections = false  - Libcurl will reuse connections
LogInit:  - CertBundlePath = nullptr  - Libcurl will use whatever was configured at build time.
LogInit: Build: ++UE4+Release-4.14-CL-3241561
LogInit: Engine Version: 4.14.2-3241561+++UE4+Release-4.14
LogInit: Compatible Engine Version: 4.14.0-3195953+++UE4+Release-4.14
LogInit: Net CL: 3195953
LogDevObjectVersion: Number of dev versions registered: 13
LogDevObjectVersion:   Dev-Blueprints (B0D832E4-1F89-4F0D-ACCF-7EB736FD4AA2): 7
LogDevObjectVersion:   Dev-Build (E1C64328-A22C-4D53-A36C-8E866417BD8C): 0
LogDevObjectVersion:   Dev-Core (375EC13C-06E4-48FB-B500-84F0262A717E): 1
LogDevObjectVersion:   Dev-Editor (E4B068ED-F494-42E9-A231-DA0B2E46BB41): 8
LogDevObjectVersion:   Dev-Framework (CFFC743F-43B0-4480-9391-14DF171D2073): 17
LogDevObjectVersion:   Dev-Mobile (B02B49B5-BB20-44E9-A304-32B752E40360): 0
LogDevObjectVersion:   Dev-Networking (A4E4105C-59A1-49B5-A7C5-40C4547EDFEE): 0
LogDevObjectVersion:   Dev-Online (39C831C9-5AE6-47DC-9A44-9C173E1C8E7C): 0
LogDevObjectVersion:   Dev-Physics (78F01B33-EBEA-4F98-B9B4-84EACCB95AA2): 0
LogDevObjectVersion:   Dev-Platform (6631380F-2D4D-43E0-8009-CF276956A95A): 0
LogDevObjectVersion:   Dev-Rendering (12F88B9F-8875-4AFC-A67C-D90C383ABD29): 12
LogDevObjectVersion:   Dev-Sequencer (7B5AE74C-D270-4C10-A958-57980B212A5A): 1
LogDevObjectVersion:   Dev-VR (D7296918-1DD6-4BDD-9DE2-64A83CC13884): 0
LogInit: Compiled (64-bit): Dec 21 2016 02:13:27
LogInit: Compiled with Visual C++: 19.00.23026.00
LogInit: Build Configuration: Development
LogInit: Branch Name: ++UE4+Release-4.14
LogInit: Command line: -EpicPortal 
LogInit: Base directory: C:/Program Files (x86)/Epic Games/4.14/Engine/Binaries/Win64/
LogInit: Installed Engine Build: 1
LogInit: Presizing for max 8388607 objects, including 0 objects not considered by GC, pre-allocating 0 bytes for permanent pool.
LogInit: Object subsystem initialized
[2017.01.08-05.14.11:224][  0]LogInit: Selected Device Profile: [Windows]
[2017.01.08-05.14.11:224][  0]LogInit: Applying CVar settings loaded from the selected device profile: [Windows]
[2017.01.08-05.14.11:237][  0]LogInit: Computer: DESKTOP-G1JK3JP
[2017.01.08-05.14.11:237][  0]LogInit: User: shane
[2017.01.08-05.14.11:237][  0]LogInit: CPU Page size=65536, Cores=4
[2017.01.08-05.14.11:237][  0]LogInit: High frequency timer resolution =2.435767 MHz
[2017.01.08-05.14.11:237][  0]LogMemory: Memory total: Physical=15.9GB (16GB approx)
[2017.01.08-05.14.11:237][  0]LogMemory: Platform Memory Stats for Windows
[2017.01.08-05.14.11:237][  0]LogMemory: Process Physical Memory: 264.30 MB used, 264.30 MB peak
[2017.01.08-05.14.11:237][  0]LogMemory: Process Virtual Memory: 262.67 MB used, 262.67 MB peak
[2017.01.08-05.14.11:237][  0]LogMemory: Physical Memory: 5829.57 MB used,  10470.20 MB free, 16299.77 MB total
[2017.01.08-05.14.11:237][  0]LogMemory: Virtual Memory: 676.42 MB used,  10470.20 MB free, 134217728.00 MB total
[2017.01.08-05.14.11:261][  0]LogTextLocalizationManager: No specific translations for ('en-NZ') exist, so ('en') translations will be used.
[2017.01.08-05.14.11:939][  0]LogD3D11RHI: D3D11 adapters:
[2017.01.08-05.14.12:514][  0]LogD3D11RHI:    0. 'NVIDIA GeForce GTX 970M' (Feature Level 11_0)
[2017.01.08-05.14.12:514][  0]LogD3D11RHI:       6108/0/8149 MB DedicatedVideo/DedicatedSystem/SharedSystem, Outputs:2, VendorId:0x10de
[2017.01.08-05.14.12:520][  0]LogD3D11RHI:    1. 'Intel(R) HD Graphics 4600' (Feature Level 11_0)
[2017.01.08-05.14.12:520][  0]LogD3D11RHI:       112/0/2048 MB DedicatedVideo/DedicatedSystem/SharedSystem, Outputs:0, VendorId:0x8086
[2017.01.08-05.14.12:522][  0]LogD3D11RHI:    2. 'Microsoft Basic Render Driver' (Feature Level 11_0)
[2017.01.08-05.14.12:522][  0]LogD3D11RHI:       0/0/8149 MB DedicatedVideo/DedicatedSystem/SharedSystem, Outputs:0, VendorId:0x1414
[2017.01.08-05.14.12:522][  0]LogD3D11RHI: Chosen D3D11 Adapter: 0
[2017.01.08-05.14.12:525][  0]LogD3D11RHI: Creating new Direct3DDevice
[2017.01.08-05.14.12:525][  0]LogD3D11RHI:     GPU DeviceId: 0x13d8 (for the marketing name, search the web for "GPU Device Id")
[2017.01.08-05.14.12:525][  0]LogWindows: EnumDisplayDevices:
[2017.01.08-05.14.12:526][  0]LogWindows:    0. 'Intel(R) HD Graphics 4600' (P:1 D:1)
[2017.01.08-05.14.12:526][  0]LogWindows:    1. 'Intel(R) HD Graphics 4600' (P:0 D:1)
[2017.01.08-05.14.12:526][  0]LogWindows:    2. 'Intel(R) HD Graphics 4600' (P:0 D:0)
[2017.01.08-05.14.12:526][  0]LogWindows: DebugString: PrimaryIsNotTheChoosenAdapter PrimaryIsNotTheChoosenAdapter PrimaryIsNotTheChoosenAdapter FoundDriverCount:0 
[2017.01.08-05.14.12:526][  0]LogD3D11RHI:     Adapter Name: NVIDIA GeForce GTX 970M
[2017.01.08-05.14.12:526][  0]LogD3D11RHI:   Driver Version: Unknown (internal:Unknown, unified:Unknown)
[2017.01.08-05.14.12:526][  0]LogD3D11RHI:      Driver Date: Unknown
[2017.01.08-05.14.12:526][  0]LogRHI: Texture pool is 1361 MB (70% of 1945 MB)
[2017.01.08-05.14.13:065][  0]LogD3D11RHI: Async texture creation enabled
[2017.01.08-05.14.13:102][  0]LogD3D11RHI: GPU Timing Frequency: 1000.000000 (Debug: 2 1)
[2017.01.08-05.14.13:103][  0]LogShaderCompilers: Guid format shader working directory is -33 characters bigger than the processId version (../../../../../../Users/shane/Documents/GitHub/03_BuildingEscape/BuildingEscape/Intermediate/Shaders/WorkingDirectory/4136/).
[2017.01.08-05.14.13:103][  0]LogShaderCompilers: Cleaned the shader compiler working directory 'C:/Users/shane/AppData/Local/Temp/UnrealShaderWorkingDir/CCBE4A4B4F8BEE336F6A688C5196BD10/'.
[2017.01.08-05.14.13:103][  0]LogShaderCompilers:Display: Using Local Shader Compiler.
[2017.01.08-05.14.14:104][  0]LogTemp:Display: Loaded TP AllDesktopTargetPlatform
[2017.01.08-05.14.14:154][  0]LogTemp:Display: Loaded TP MacClientTargetPlatform
[2017.01.08-05.14.14:204][  0]LogTemp:Display: Loaded TP MacNoEditorTargetPlatform
[2017.01.08-05.14.14:255][  0]LogTemp:Display: Loaded TP MacServerTargetPlatform
[2017.01.08-05.14.14:305][  0]LogTemp:Display: Loaded TP MacTargetPlatform
[2017.01.08-05.14.14:356][  0]LogTemp:Display: Loaded TP WindowsClientTargetPlatform
[2017.01.08-05.14.14:425][  0]LogTemp:Display: Loaded TP WindowsNoEditorTargetPlatform
[2017.01.08-05.14.14:492][  0]LogTemp:Display: Loaded TP WindowsServerTargetPlatform
[2017.01.08-05.14.14:537][  0]LogTemp:Display: Loaded TP WindowsTargetPlatform
[2017.01.08-05.14.14:587][  0]LogTemp:Display: Loaded TP AndroidTargetPlatform
[2017.01.08-05.14.14:637][  0]LogTemp:Display: Loaded TP Android_ASTCTargetPlatform
[2017.01.08-05.14.14:689][  0]LogTemp:Display: Loaded TP Android_ATCTargetPlatform
[2017.01.08-05.14.14:744][  0]LogTemp:Display: Loaded TP Android_DXTTargetPlatform
[2017.01.08-05.14.14:801][  0]LogTemp:Display: Loaded TP Android_ETC1TargetPlatform
[2017.01.08-05.14.14:857][  0]LogTemp:Display: Loaded TP Android_ETC2TargetPlatform
[2017.01.08-05.14.14:979][  0]LogTemp:Display: Loaded TP Android_MultiTargetPlatform
[2017.01.08-05.14.14:979][  0]LogTemp:Display: Loaded TP Android_PVRTCTargetPlatform
[2017.01.08-05.14.15:029][  0]LogTemp:Display: Loaded TP HTML5TargetPlatform
[2017.01.08-05.14.15:121][  0]LogTemp:Display: Loaded TP IOSTargetPlatform
[2017.01.08-05.14.15:155][  0]LogTemp:Display: Loaded TP TVOSTargetPlatform
[2017.01.08-05.14.15:205][  0]LogTemp:Display: Loaded TP LinuxClientTargetPlatform
[2017.01.08-05.14.15:254][  0]LogTemp:Display: Loaded TP LinuxNoEditorTargetPlatform
[2017.01.08-05.14.15:311][  0]LogTemp:Display: Loaded TP LinuxServerTargetPlatform
[2017.01.08-05.14.15:365][  0]LogTemp:Display: Loaded TP LinuxTargetPlatform
[2017.01.08-05.14.15:365][  0]LogTargetPlatformManager:Display: Building Assets For Windows
[2017.01.08-05.14.15:746][  0]LogDerivedDataCache:Display: Max Cache Size: 512 MB
[2017.01.08-05.14.15:796][  0]LogDerivedDataCache: Loaded boot cache 0.05s 50MB C:/Users/shane/AppData/Local/UnrealEngine/4.14/DerivedDataCache/Boot.ddc.
[2017.01.08-05.14.15:796][  0]LogDerivedDataCache:Display: Loaded Boot cache: C:/Users/shane/AppData/Local/UnrealEngine/4.14/DerivedDataCache/Boot.ddc
[2017.01.08-05.14.15:796][  0]LogDerivedDataCache: FDerivedDataBackendGraph:  Pak pak cache file ../../../../../../Users/shane/Documents/GitHub/03_BuildingEscape/BuildingEscape/DerivedDataCache/DDC.ddp not found, will not use a pak cache.
[2017.01.08-05.14.15:796][  0]LogDerivedDataCache: Unable to find inner node Pak for hierarchical cache Hierarchy.
[2017.01.08-05.14.15:796][  0]LogDerivedDataCache: FDerivedDataBackendGraph:  CompressedPak pak cache file ../../../../../../Users/shane/Documents/GitHub/03_BuildingEscape/BuildingEscape/DerivedDataCache/Compressed.ddp not found, will not use a pak cache.
[2017.01.08-05.14.15:796][  0]LogDerivedDataCache: Unable to find inner node CompressedPak for hierarchical cache Hierarchy.
[2017.01.08-05.14.15:812][  0]LogDerivedDataCache:Display: Pak cache opened for reading ../../../Engine/DerivedDataCache/Compressed.ddp.
[2017.01.08-05.14.15:824][  0]LogDerivedDataCache: Using Local data cache path C:/Users/shane/AppData/Local/UnrealEngine/Common/DerivedDataCache: Writable
[2017.01.08-05.14.16:033][  0]LogInit: Selected Device Profile: [Windows]
[2017.01.08-05.14.16:036][  0]LogContentStreaming: Texture pool size is 0.00 MB
[2017.01.08-05.14.16:221][  0]LogMeshUtilities: Using QuadricMeshReduction for automatic static mesh reduction
[2017.01.08-05.14.16:258][  0]LogSimplygon: Simplygon DLL not present - disabling.
[2017.01.08-05.14.16:297][  0]LogMeshUtilities: Using SimplygonSwarm for distributed automatic mesh merging
[2017.01.08-05.14.16:297][  0]LogMeshUtilities: No automatic skeletal mesh reduction module available
[2017.01.08-05.14.16:297][  0]LogMeshUtilities: No automatic mesh merging module available
[2017.01.08-05.14.16:783][  0]LogNetVersion: GetLocalNetworkVersion: CL: 3195953, ProjectName: buildingescape, ProjectVersion: , EngineNetworkVersion: 2, GameNetworkVersion: 0, NetworkChecksum: 2542623411
[2017.01.08-05.14.16:835][  0]LogAssetRegistry: FAssetRegistry took 0.0213 seconds to start up
[2017.01.08-05.14.16:880][  0]LogPackageLocalizationCache: Processed 3 localized package path(s) for 2 prioritized culture(s) in 0.026060 seconds
[2017.01.08-05.14.16:886][  0]LogUObjectArray: 31946 objects as part of root set at end of initial load.
[2017.01.08-05.14.16:886][  0]LogUObjectAllocator: 6935848 out of 0 bytes used by permanent object pool.
[2017.01.08-05.14.16:886][  0]LogUObjectArray: CloseDisregardForGC: 0/0 objects in disregard for GC pool
[2017.01.08-05.14.16:938][  0]LogInit: WinSock: version 1.1 (2.2), MaxSocks=32767, MaxUdp=65467
[2017.01.08-05.14.17:553][  0]LogSlate: Using Freetype 2.6.0
[2017.01.08-05.14.17:553][  0]LogSlate: SlateFontCache - WITH_FREETYPE: 1, WITH_HARFBUZZ: 1
[2017.01.08-05.14.17:553][  0]LogSlate: SlateFontCache - WITH_FREETYPE: 1, WITH_HARFBUZZ: 1
[2017.01.08-05.14.18:250][  0]LogTcpMessaging: Initializing TcpMessaging bridge
[2017.01.08-05.14.18:285][  0]LogUdpMessaging: Initializing bridge on interface 0.0.0.0:0 to multicast group 230.0.0.1:6666.
[2017.01.08-05.14.18:552][  0]LogMaterial: Uniform references updated for custom material expression Custom.
[2017.01.08-05.14.18:871][  0]SourceControl: Info Source control is disabled
[2017.01.08-05.14.18:895][  0]SourceControl: Info Source control is disabled
[2017.01.08-05.14.18:933][  0]SourceControl: Info Source control is disabled
[2017.01.08-05.14.18:970][  0]SourceControl: Info Source control is disabled
[2017.01.08-05.14.20:013][  0]LogEngine: Initializing Engine...
[2017.01.08-05.14.20:014][  0]LogHMD: Failed to initialize OpenVR with code 110
[2017.01.08-05.14.20:226][  0]LogAIModule: Creating AISystem for world Untitled
[2017.01.08-05.14.20:233][  0]LogInit: XAudio2 using 'Speakers (Realtek High Definition Audio)' : 2 channels at 48 kHz using 32 bits per sample (channel mask 0x3)
[2017.01.08-05.14.20:243][  0]LogInit: FAudioDevice initialized.
[2017.01.08-05.14.20:268][  0]LogDerivedDataCache: Saved boot cache 0.03s 50MB C:/Users/shane/AppData/Local/UnrealEngine/4.14/DerivedDataCache/Boot.ddc.
[2017.01.08-05.14.20:276][  0]LogInit: Texture streaming: Enabled
[2017.01.08-05.14.20:429][  0]LogInit: Transaction tracking system initialized
[2017.01.08-05.14.20:716][  0]BlueprintLog: New page: Editor Load
[2017.01.08-05.14.21:447][  0]LocalizationService: Info Localization service is disabled
[2017.01.08-05.14.21:988][  0]LogConsoleResponse:Display: 
[2017.01.08-05.14.22:113][  0]LogCook:Display: Max memory allowance for cook 16384mb min free memory 0mb
[2017.01.08-05.14.22:113][  0]LogCook:Display: Mobile HDR setting 1
[2017.01.08-05.14.22:368][  0]LogFileCache: Scanning file cache for directory 'C:/Users/shane/Documents/GitHub/03_BuildingEscape/BuildingEscape/Content/' took 0.01s
[2017.01.08-05.14.22:896][  0]SourceControl: Info Source control is disabled
[2017.01.08-05.14.22:897][  0]Cmd: MAP LOAD FILE="../../../../../../Users/shane/Documents/GitHub/03_BuildingEscape/BuildingEscape/Content/NewMap.umap" TEMPLATE=0 SHOWPROGRESS=1 FEATURELEVEL=3
[2017.01.08-05.14.22:897][  0]LightingResults: New page: Lighting Build
[2017.01.08-05.14.22:931][  0]MapCheck: New page: Map Check
[2017.01.08-05.14.22:931][  0]LightingResults: New page: Lighting Build
[2017.01.08-05.14.23:119][  0]LogAIModule: Creating AISystem for world NewMap
[2017.01.08-05.14.23:123][  0]LogEditorServer: Finished looking for orphan Actors (0.000 secs)
[2017.01.08-05.14.23:124][  0]Cmd: MAP CHECKDEP NOCLEARLOG
[2017.01.08-05.14.23:158][  0]MapCheck: Info Map check complete: 0 Error(s), 0 Warning(s), took 34.249ms to complete.
[2017.01.08-05.14.23:158][  0]LogFileHelpers: Loading map 'NewMap' took 0.262
[2017.01.08-05.14.23:219][  0]LogWindowsTextInputMethodSystem:Display: IME system now deactivated.
[2017.01.08-05.14.23:326][  0]LogCollectionManager: Loaded 0 collections in 0.001377 seconds
[2017.01.08-05.14.23:401][  0]LogFileCache: Scanning file cache for directory 'C:/Users/shane/Documents/GitHub/03_BuildingEscape/BuildingEscape/Saved/Collections/' took 0.01s
[2017.01.08-05.14.23:401][  0]LogFileCache: Scanning file cache for directory 'C:/Users/shane/Documents/GitHub/03_BuildingEscape/BuildingEscape/Content/Developers/shane/Collections/' took 0.01s
[2017.01.08-05.14.23:401][  0]LogFileCache: Scanning file cache for directory 'C:/Users/shane/Documents/GitHub/03_BuildingEscape/BuildingEscape/Content/Collections/' took 0.01s
[2017.01.08-05.14.23:401][  0]LogCollectionManager: Rebuilt the GUID cache for 0 collections in 0.000001 seconds
[2017.01.08-05.14.23:410][  0]LogContentBrowser: Native class hierarchy populated in 0.0085 seconds. Added 2191 classes and 430 folders.
[2017.01.08-05.14.23:446][  0]LogStats: UGameplayTagsManager::ConstructGameplayTagTree: Construct from data asset -  0.000 s
[2017.01.08-05.14.23:446][  0]LogStats: UGameplayTagsManager::ConstructGameplayTagTree: GameplayTagTreeChangedEvent.Broadcast -  0.000 s
[2017.01.08-05.14.23:447][  0]LogContentBrowser: Native class hierarchy updated for 'GameplayTags' in 0.0008 seconds. Added 13 classes and 0 folders.
[2017.01.08-05.14.23:500][  0]LogContentBrowser: Native class hierarchy updated for 'WidgetCarousel' in 0.0004 seconds. Added 0 classes and 0 folders.
[2017.01.08-05.14.23:532][  0]LogContentBrowser: Native class hierarchy updated for 'AddContentDialog' in 0.0005 seconds. Added 0 classes and 0 folders.
[2017.01.08-05.14.23:564][  0]LogCrashTracker: Crashtracker disabled due to settings.
[2017.01.08-05.14.23:569][  0]LogUObjectGlobals:Warning: Failed to find object 'Class None.'
[2017.01.08-05.14.23:627][  0]LogContentBrowser: Native class hierarchy updated for 'HierarchicalLODOutliner' in 0.0005 seconds. Added 1 classes and 2 folders.
[2017.01.08-05.14.23:627][  0]LogLoad: (Engine Initialization) Total time: 13.96 seconds
[2017.01.08-05.14.23:627][  0]LogLoad: (Engine Initialization) Total Blueprint compile time: 0.08 seconds
[2017.01.08-05.14.23:627][  0]LogExternalProfiler: Found external profiler: VSPerf
[2017.01.08-05.14.23:627][  0]LogExternalProfiler: Using external profiler: VSPerf
[2017.01.08-05.14.23:645][  0]LogOcInput: OculusInput pre-init called
[2017.01.08-05.14.23:664][  0]LogContentStreaming: Texture pool size now 1000 MB
[2017.01.08-05.14.23:800][  0]LogRenderer: Reallocating scene render targets to support 1368x616 NumSamples 1 (Frame:2).
[2017.01.08-05.14.23:852][  1]LogAssetRegistry: Asset discovery search completed in 7.0378 seconds
[2017.01.08-05.14.23:852][  1]LogCollectionManager: Rebuilt the object cache for 0 collections in 0.000000 seconds (found 0 objects)
[2017.01.08-05.14.23:852][  1]LogCollectionManager: Fixed up redirectors for 0 collections in 0.000014 seconds (updated 0 objects)
[2017.01.08-05.14.56:984][212]LogContentBrowser: Native class hierarchy updated for 'WebBrowser' in 0.0005 seconds. Added 0 classes and 0 folders.
[2017.01.08-05.16.00:327][415]LogEditorViewport: Clicking on Actor (LMB): StaticMeshActor (Floor)
[2017.01.08-05.17.16:114][ 86]LogActorFactory: Actor Factory created SM_Chair
[2017.01.08-05.17.17:495][168]LogActorFactory: Actor Factory created SM_Chair
[2017.01.08-05.17.27:228][746]LogEditorViewport: Clicking on Actor (LMB): StaticMeshActor (SM_Chair)
[2017.01.08-05.17.27:917][787]Cmd: CAMERA ALIGN ACTIVEVIEWPORTONLY
[2017.01.08-05.17.53:773][333]LogEditorViewport: Clicking on Actor (LMB): StaticMeshActor (Floor)
[2017.01.08-05.17.54:970][403]Cmd: CAMERA ALIGN ACTIVEVIEWPORTONLY
[2017.01.08-05.17.58:718][626]LogEditorViewport: Clicking on Actor (LMB): BP_Sky_Sphere_C (Sky Sphere)
[2017.01.08-05.18.00:787][749]LogEditorViewport: Clicking on Actor (LMB): StaticMeshActor (Floor)
[2017.01.08-05.18.05:541][ 31]LogEditorViewport: Clicking on Actor (LMB): StaticMeshActor (SM_Chair)
[2017.01.08-05.18.09:129][242]LogEditorViewport: Clicking on Actor (LMB): StaticMeshActor (Floor)
[2017.01.08-05.18.37:099][795]LogEditorViewport: Clicking on Actor (LMB): StaticMeshActor (SM_Chair)
[2017.01.08-05.18.40:917][ 20]LogEditorViewport: Clicking on Actor (context menu): StaticMeshActor (SM_Chair)
[2017.01.08-05.18.46:351][340]LogEditorViewport: Clicking on Actor (LMB): BP_Sky_Sphere_C (Sky Sphere)
[2017.01.08-05.18.46:919][373]LogEditorViewport: Clicking on Actor (LMB): StaticMeshActor (SM_Chair)
[2017.01.08-05.18.48:114][443]Cmd: CAMERA ALIGN ACTIVEVIEWPORTONLY
[2017.01.08-05.19.12:241][882]LogActorFactory: Actor Factory created SM_TableRound
[2017.01.08-05.19.16:609][144]LogActorFactory: Actor Factory created SM_TableRound
[2017.01.08-05.19.21:749][449]LogActorFactory: Actor Factory created SM_Chair
[2017.01.08-05.19.22:530][495]LogActorFactory: Actor Factory created SM_Chair
[2017.01.08-05.19.30:063][941]LogEditorViewport: Clicking on Actor (context menu): StaticMeshActor (Floor)
[2017.01.08-05.19.51:537][213]LogEditorViewport: Clicking on Actor (LMB): StaticMeshActor (Floor)
[2017.01.08-05.19.59:758][703]LogEditorViewport: Clicking on Actor (LMB): StaticMeshActor (SM_Chair2)
[2017.01.08-05.20.23:131][ 95]LogEditorViewport: Clicking on Actor (LMB): StaticMeshActor (SM_Chair2)
[2017.01.08-05.20.23:227][100]LogEditorViewport: Clicking on Component (LMB): StaticMeshComponent (StaticMeshComponent0)
[2017.01.08-05.20.52:425][845]Cmd: TRANSACTION UNDO
[2017.01.08-05.20.52:425][845]LogEditorTransaction: Undo Move Components
[2017.01.08-05.20.56:126][ 63]Cmd: TRANSACTION UNDO
[2017.01.08-05.20.56:126][ 63]LogEditorTransaction: Undo Move Components
[2017.01.08-05.21.19:905][470]Cmd: TRANSACTION UNDO
[2017.01.08-05.21.19:905][470]LogEditorTransaction: Undo Move Components
[2017.01.08-05.22.20:611][ 96]LogEditorViewport: Clicking on Actor (LMB): StaticMeshActor (SM_Chair)
[2017.01.08-05.22.36:238][ 19]LogTexture:Display: Building textures: T_RockMesh_N (BC5)
[2017.01.08-05.22.36:768][ 19]LogTexture:Display: Building textures: T_Rock_Basalt_D (AutoDXT)
[2017.01.08-05.22.39:052][ 19]LogTexture:Display: Building textures: T_RockMesh_M (DXT1)
[2017.01.08-05.22.40:053][ 19]LogTexture:Display: Building textures: T_Detail_Rocky_N (BC5)
[2017.01.08-05.22.40:169][ 19]LogActorFactory: Actor Factory created SM_Rock
[2017.01.08-05.22.40:174][ 19]LogActorFactory: Actor Factory created SM_Rock
[2017.01.08-05.22.40:192][ 19]LogEditorViewport: Clicking on Actor (LMB): BP_Sky_Sphere_C (Sky Sphere)
[2017.01.08-05.22.45:521][337]LogEditorViewport: Clicking on Actor (LMB): StaticMeshActor (SM_Rock)
[2017.01.08-05.24.09:911][361]LogEditorViewport: Clicking on Actor (LMB): BP_Sky_Sphere_C (Sky Sphere)
[2017.01.08-05.24.14:421][628]LogActorFactory: Actor Factory created SM_Couch
[2017.01.08-05.24.18:852][893]LogActorFactory: Actor Factory created SM_Couch
[2017.01.08-05.24.24:223][211]LogEditorViewport: Clicking on Actor (LMB): BP_Sky_Sphere_C (Sky Sphere)
[2017.01.08-05.24.27:891][430]LogEditorViewport: Clicking on Actor (LMB): StaticMeshActor (SM_Couch)
[2017.01.08-05.24.35:319][873]LogEditorViewport: Clicking on Actor (LMB): BP_Sky_Sphere_C (Sky Sphere)
[2017.01.08-05.25.27:814][509]LogSavePackage: Save=23.80ms
[2017.01.08-05.25.27:814][509]LogSavePackage: Moving '../../../../../../Users/shane/Documents/GitHub/03_BuildingEscape/BuildingEscape/Saved/NewMap_Auto1FD24E9CB43203278B03139A4A8B77B65.tmp' to '../../../../../../Users/shane/Documents/GitHub/03_BuildingEscape/BuildingEscape/Saved/Autosaves/Game/NewMap_Auto1.umap'
[2017.01.08-05.25.27:815][509]LogSavePackage:Display: Finished SavePackage ../../../../../../Users/shane/Documents/GitHub/03_BuildingEscape/BuildingEscape/Saved/Autosaves/Game/NewMap_Auto1.umap
[2017.01.08-05.25.27:817][509]LogFileHelpers: Editor autosave (incl. sublevels) for '/Game/NewMap' took 0.046
[2017.01.08-05.25.27:818][509]LogFileHelpers: Editor autosave (incl. sublevels) for all levels took 0.046
[2017.01.08-05.29.27:777][ 82]LogEditorViewport: Clicking on Actor (LMB): StaticMeshActor (Floor)
[2017.01.08-05.29.31:586][289]LogEditorViewport: Clicking on Actor (LMB): BP_Sky_Sphere_C (Sky Sphere)
[2017.01.08-05.29.35:529][508]LogEditorViewport: Clicking on Actor (LMB): BP_Sky_Sphere_C (Sky Sphere)
[2017.01.08-05.29.35:602][512]LogEditorViewport: Clicking on Component (LMB): StaticMeshComponent (Sky Sphere mesh)
[2017.01.08-05.30.10:357][584]Cmd: OBJ SAVEPACKAGE PACKAGE="/Game/NewMap" FILE="../../../../../../Users/shane/Documents/GitHub/03_BuildingEscape/BuildingEscape/Content/NewMap.umap" SILENT=true AUTOSAVING=false KEEPDIRTY=false
